2022-09-29:00:26:33,91 INFO     [psi4.driver.task_planner:266] PLANNING Atomic:  keywords={'SCF__INTS_TOLERANCE': 1e-12, 'function_kwargs': {}}
2022-09-29:00:26:33,94 INFO     [psi4.driver.driver:617] Compute gradient(): method=scf, basis=cc-pvdz, molecule=default, nre=224.91052787697382
2022-09-29:00:26:37,360 INFO     [psi4.driver.driver:620] Return gradient(): -230.4778161178741
2022-09-29:00:26:37,361 INFO     [psi4.driver.driver:621] [[ 0.02152642  0.00240605  0.00331075]
 [ 0.19139203 -0.32505085 -0.13457942]
 [-0.29970338  0.17568106  0.05295044]
 [-0.09369204  0.16140295  0.06695957]
 [-0.04567399  0.31728867  0.14559468]
 [ 0.22969779 -0.335846   -0.13582785]
 [ 0.02420258 -0.0330079  -0.01318555]
 [-0.01757982 -0.03660752 -0.01910146]
 [-0.05025479  0.00591091 -0.00226848]
 [-0.02462152  0.03500968  0.01409108]
 [ 0.01853404  0.03954471  0.02058845]
 [ 0.04617269 -0.00673177  0.00146778]]
2022-09-29:00:26:37,566 INFO     [psi4.driver.task_planner:266] PLANNING Atomic:  keywords={'CART_HESS_READ': 0, 'SCF__GUESS': 'READ', 'SCF__INTS_TOLERANCE': 1e-12, 'function_kwargs': {}}
2022-09-29:00:26:37,570 INFO     [psi4.driver.driver:617] Compute gradient(): method=scf, basis=cc-pvdz, molecule=default, nre=210.7907083909274
2022-09-29:00:26:41,9 INFO     [psi4.driver.driver:620] Return gradient(): -230.69505429339767
2022-09-29:00:26:41,9 INFO     [psi4.driver.driver:621] [[-0.00566019  0.01963105  0.00872359]
 [ 0.06701609 -0.07386687 -0.02821271]
 [-0.08710295  0.03802098  0.00921902]
 [-0.0129317   0.03251073  0.01408467]
 [-0.00855222  0.08099195  0.03747882]
 [ 0.04642821 -0.09630825 -0.04091057]
 [ 0.00968934 -0.01368583 -0.00550194]
 [-0.0086573  -0.01374335 -0.00737848]
 [-0.01720893  0.00016883 -0.00165514]
 [-0.00902906  0.01319953  0.00533834]
 [ 0.00834796  0.01361029  0.00728465]
 [ 0.01766077 -0.00052906  0.00152976]]
2022-09-29:00:26:41,106 INFO     [psi4.driver.task_planner:266] PLANNING Atomic:  keywords={'CART_HESS_READ': 0, 'SCF__GUESS': 'READ', 'SCF__INTS_TOLERANCE': 1e-12, 'function_kwargs': {}}
2022-09-29:00:26:41,110 INFO     [psi4.driver.driver:617] Compute gradient(): method=scf, basis=cc-pvdz, molecule=default, nre=206.74431132095822
2022-09-29:00:26:44,297 INFO     [psi4.driver.driver:620] Return gradient(): -230.71770047929454
2022-09-29:00:26:44,298 INFO     [psi4.driver.driver:621] [[ 0.00013811  0.00199186  0.00095759]
 [ 0.02487387 -0.0330483  -0.01313791]
 [-0.03362347  0.01944914  0.00581838]
 [-0.00453347  0.01349785  0.00593154]
 [-0.01018514  0.03691974  0.01645078]
 [ 0.02365609 -0.0393563  -0.01624597]
 [ 0.00116356 -0.00229536 -0.00096942]
 [-0.00079539 -0.00204723 -0.00104918]
 [-0.00156323  0.00064974  0.00014988]
 [-0.00151475  0.00258196  0.00106962]
 [ 0.00011141  0.00187221  0.00089766]
 [ 0.00227242 -0.00021531  0.00012703]]
2022-09-29:00:26:44,384 INFO     [psi4.driver.task_planner:266] PLANNING Atomic:  keywords={'CART_HESS_READ': 0, 'SCF__GUESS': 'READ', 'SCF__INTS_TOLERANCE': 1e-12, 'function_kwargs': {}}
2022-09-29:00:26:44,389 INFO     [psi4.driver.driver:617] Compute gradient(): method=scf, basis=cc-pvdz, molecule=default, nre=205.32677705745647
2022-09-29:00:26:47,723 INFO     [psi4.driver.driver:620] Return gradient(): -230.7210988195799
2022-09-29:00:26:47,735 INFO     [psi4.driver.driver:621] [[ 0.00055863  0.00034147  0.00021817]
 [ 0.00952961 -0.01518599 -0.00622837]
 [-0.01350002  0.01056915  0.00364264]
 [-0.00066838  0.00435764  0.00199512]
 [-0.00798812  0.01735711  0.00741134]
 [ 0.01221272 -0.01759478 -0.00709792]
 [ 0.00019356 -0.00034608 -0.00014437]
 [-0.0001964  -0.00023576 -0.00013134]
 [-0.00038158  0.00007111 -0.00000485]
 [-0.00027468  0.00037479  0.00014976]
 [ 0.00015893  0.00024598  0.00013254]
 [ 0.00035572  0.00004537  0.00005729]]
2022-09-29:00:26:47,837 INFO     [psi4.driver.task_planner:266] PLANNING Atomic:  keywords={'CART_HESS_READ': 0, 'SCF__GUESS': 'READ', 'SCF__INTS_TOLERANCE': 1e-12, 'function_kwargs': {}}
2022-09-29:00:26:47,841 INFO     [psi4.driver.driver:617] Compute gradient(): method=scf, basis=cc-pvdz, molecule=default, nre=204.4809963368758
2022-09-29:00:26:51,305 INFO     [psi4.driver.driver:620] Return gradient(): -230.72186768809598
2022-09-29:00:26:51,306 INFO     [psi4.driver.driver:621] [[ 0.00028546  0.00016923  0.00010902]
 [ 0.00180199 -0.00357383 -0.00151019]
 [-0.00212875  0.00389084  0.00162724]
 [ 0.00124105 -0.00051042 -0.00011654]
 [-0.00482615  0.00509238  0.00192422]
 [ 0.00361808 -0.00503529 -0.002019  ]
 [-0.00000239  0.0000888   0.00004181]
 [ 0.00002257  0.00020997  0.00010167]
 [-0.00005861 -0.00012249 -0.00006389]
 [ 0.00003052 -0.00014707 -0.00006654]
 [ 0.00020021 -0.00012545 -0.0000392 ]
 [-0.00018399  0.00006335  0.00001141]]
2022-09-29:00:26:51,415 INFO     [psi4.driver.task_planner:266] PLANNING Atomic:  keywords={'CART_HESS_READ': 0, 'SCF__GUESS': 'READ', 'SCF__INTS_TOLERANCE': 1e-12, 'function_kwargs': {}}
2022-09-29:00:26:51,418 INFO     [psi4.driver.driver:617] Compute gradient(): method=scf, basis=cc-pvdz, molecule=default, nre=204.31155851286763
2022-09-29:00:26:54,520 INFO     [psi4.driver.driver:620] Return gradient(): -230.72191977987302
2022-09-29:00:26:54,521 INFO     [psi4.driver.driver:621] [[ 0.00014635  0.00011864  0.00007064]
 [ 0.00003012 -0.0003064  -0.00014211]
 [ 0.00027339  0.00096671  0.00048565]
 [ 0.0009608  -0.00071178 -0.00024046]
 [-0.00227941  0.0014108   0.00043785]
 [ 0.00084687 -0.00145175 -0.0006014 ]
 [-0.00000466  0.00001112  0.00000472]
 [ 0.00002537  0.0000567   0.00002945]
 [ 0.00001516 -0.00005326 -0.00002374]
 [-0.00001635 -0.00000575 -0.00000432]
 [ 0.00007548 -0.00006139 -0.0000214 ]
 [-0.00007311  0.00002635  0.00000511]]
2022-09-29:00:26:54,619 INFO     [psi4.driver.task_planner:266] PLANNING Atomic:  keywords={'CART_HESS_READ': 0, 'SCF__GUESS': 'READ', 'SCF__INTS_TOLERANCE': 1e-12, 'function_kwargs': {}}
2022-09-29:00:26:54,624 INFO     [psi4.driver.driver:617] Compute gradient(): method=scf, basis=cc-pvdz, molecule=default, nre=204.30931786110185
2022-09-29:00:26:57,728 INFO     [psi4.driver.driver:620] Return gradient(): -230.7219248081272
2022-09-29:00:26:57,729 INFO     [psi4.driver.driver:621] [[ 0.00012228  0.00008199  0.00005133]
 [-0.00027081  0.00026403  0.00009756]
 [ 0.00027367 -0.00006056 -0.00000101]
 [ 0.00048152 -0.00023659 -0.00006344]
 [-0.00088255  0.00048886  0.00014248]
 [ 0.00026676 -0.00053031 -0.00022428]
 [-0.00000259 -0.00000161 -0.00000104]
 [-0.00000497  0.0000016   0.00000025]
 [ 0.00000195 -0.00001587 -0.00000732]
 [-0.00001858  0.0000106   0.00000312]
 [ 0.00003319 -0.00002306 -0.00000756]
 [ 0.00000013  0.00002091  0.00000992]]
2022-09-29:00:26:57,811 INFO     [psi4.driver.task_planner:266] PLANNING Atomic:  keywords={'CART_HESS_READ': 0, 'SCF__GUESS': 'READ', 'SCF__INTS_TOLERANCE': 1e-12, 'function_kwargs': {}}
2022-09-29:00:26:57,815 INFO     [psi4.driver.driver:617] Compute gradient(): method=scf, basis=cc-pvdz, molecule=default, nre=204.31959076704095
2022-09-29:00:27:00,962 INFO     [psi4.driver.driver:620] Return gradient(): -230.7219256679075
2022-09-29:00:27:00,963 INFO     [psi4.driver.driver:621] [[ 0.00008785  0.00004556  0.00002911]
 [-0.00022467  0.00027172  0.00010661]
 [ 0.00009422 -0.0003705  -0.00016581]
 [ 0.00015382  0.00009948  0.00006217]
 [-0.00019131  0.00016659  0.00005927]
 [ 0.00007931 -0.00021399 -0.00009224]
 [-0.00000309 -0.00000539 -0.00000281]
 [ 0.00000188 -0.00001101 -0.00000495]
 [-0.00000163  0.00000702  0.00000312]
 [-0.0000066   0.00000495  0.00000183]
 [ 0.00000351 -0.00000033  0.00000021]
 [ 0.00000671  0.00000591  0.00000348]]
2022-09-29:00:43:41,101 INFO     [psi4.driver.task_planner:266] PLANNING Atomic:  keywords={'SCF__INTS_TOLERANCE': 1e-12, 'function_kwargs': {}}
2022-09-29:00:43:41,112 INFO     [psi4.driver.driver:499] Compute energy(): method=scf, basis=cc-pvdz, molecule=default, nre=416.91814434615196
2022-09-29:00:43:49,788 INFO     [psi4.driver.driver:502] Return energy(): -434.2111965385135
2022-09-29:00:48:30,237 INFO     [psi4.driver.task_planner:266] PLANNING Atomic:  keywords={'GEOM_MAXITER': 100, 'SCF__INTS_TOLERANCE': 1e-12, 'SCF__MAXITER': 500, 'function_kwargs': {}}
2022-09-29:00:48:30,245 INFO     [psi4.driver.driver:617] Compute gradient(): method=scf, basis=cc-pvdz, molecule=default, nre=416.91814434615196
2022-09-29:00:48:48,302 INFO     [psi4.driver.driver:620] Return gradient(): -434.2111965453569
2022-09-29:00:48:48,303 INFO     [psi4.driver.driver:621] [[-0.00008577 -0.00003109  0.00001754]
 [ 0.00009112 -0.00004243 -0.00000575]
 [ 0.00000311  0.00007331  0.00003296]
 [-0.00007755 -0.00001482 -0.00001308]
 [ 0.00006181 -0.00002812 -0.00000926]
 [-0.00001074  0.00002085  0.00001392]
 [ 0.00015159  0.00005741 -0.00013155]
 [ 0.00000268 -0.00002677  0.00005042]
 [-0.00013315 -0.00001122  0.00004415]
 [-0.00000614  0.00001153  0.0000055 ]
 [-0.00001985 -0.00001298 -0.0000089 ]
 [ 0.00000744  0.00000228  0.00000157]
 [ 0.00001181  0.0000055   0.00000308]
 [ 0.00000363 -0.00000344 -0.00000059]]
2022-09-29:00:48:48,764 INFO     [psi4.driver.task_planner:266] PLANNING Atomic:  keywords={'CART_HESS_READ': 0, 'GEOM_MAXITER': 100, 'SCF__GUESS': 'READ', 'SCF__INTS_TOLERANCE': 1e-12, 'SCF__MAXITER': 500, 'function_kwargs': {}}
2022-09-29:00:48:48,774 INFO     [psi4.driver.driver:617] Compute gradient(): method=scf, basis=cc-pvdz, molecule=default, nre=416.9127040009901
2022-09-29:00:49:05,843 INFO     [psi4.driver.driver:620] Return gradient(): -434.211107110872
2022-09-29:00:49:05,845 INFO     [psi4.driver.driver:621] [[ 0.00009828  0.00072992 -0.00154542]
 [ 0.00006038  0.00006614 -0.00018607]
 [-0.00000314 -0.00000031  0.00009146]
 [-0.00002957 -0.00000992 -0.00002672]
 [ 0.00001936 -0.00005373  0.00006832]
 [ 0.00002369  0.00012607 -0.00016118]
 [-0.00049411 -0.00317263  0.00631732]
 [ 0.00026765  0.00121917 -0.00223599]
 [ 0.00006247  0.00110158 -0.0023127 ]
 [-0.0000046   0.00000447 -0.00001485]
 [ 0.00000218 -0.00001185  0.00001095]
 [ 0.00000405  0.00000052 -0.00000449]
 [-0.00000271 -0.00000773  0.0000124 ]
 [-0.00000392  0.00000831 -0.00001302]]
2022-09-29:00:49:06,47 INFO     [psi4.driver.task_planner:266] PLANNING Atomic:  keywords={'CART_HESS_READ': 0, 'GEOM_MAXITER': 100, 'SCF__GUESS': 'READ', 'SCF__INTS_TOLERANCE': 1e-12, 'SCF__MAXITER': 500, 'function_kwargs': {}}
2022-09-29:00:49:06,57 INFO     [psi4.driver.driver:617] Compute gradient(): method=scf, basis=cc-pvdz, molecule=default, nre=416.9076618624366
2022-09-29:00:49:22,103 INFO     [psi4.driver.driver:620] Return gradient(): -434.2111965531019
2022-09-29:00:49:22,105 INFO     [psi4.driver.driver:621] [[-0.00003048 -0.00003732 -0.00002192]
 [ 0.0000396  -0.00001982 -0.00000604]
 [ 0.00000239  0.00003262  0.00001617]
 [-0.00002962 -0.00001714 -0.00001324]
 [ 0.00002859 -0.0000178  -0.00000486]
 [ 0.00000709  0.0000408   0.00001935]
 [ 0.00017768 -0.00020668 -0.00007082]
 [ 0.0000638   0.00020579  0.00010054]
 [-0.00025503  0.00003021 -0.00001472]
 [-0.00000545 -0.00000306 -0.00000218]
 [ 0.00000368 -0.0000054  -0.00000178]
 [ 0.0000035  -0.00000169  0.00000019]
 [-0.0000017  -0.00000158 -0.00000058]
 [-0.00000405  0.00000107 -0.00000011]]
2022-09-29:00:49:52,770 INFO     [psi4.driver.task_planner:266] PLANNING Atomic:  keywords={'GEOM_MAXITER': 100, 'SCF__INTS_TOLERANCE': 1e-12, 'SCF__MAXITER': 500, 'function_kwargs': {}}
2022-09-29:00:49:52,780 INFO     [psi4.driver.driver:617] Compute gradient(): method=scf, basis=cc-pvdz, molecule=default, nre=416.9076618624366
2022-09-29:00:50:11,153 INFO     [psi4.driver.driver:620] Return gradient(): -434.2111965529307
2022-09-29:00:50:11,155 INFO     [psi4.driver.driver:621] [[-0.00003045 -0.00003737 -0.00002195]
 [ 0.00003958 -0.00001981 -0.00000604]
 [ 0.0000024   0.00003264  0.00001618]
 [-0.00002963 -0.00001714 -0.00001323]
 [ 0.00002855 -0.00001779 -0.00000485]
 [ 0.00000707  0.00004082  0.00001935]
 [ 0.00017752 -0.00020674 -0.00007085]
 [ 0.00006386  0.00020584  0.00010057]
 [-0.00025496  0.00003022 -0.00001471]
 [-0.00000544 -0.00000306 -0.00000218]
 [ 0.00000369 -0.00000541 -0.00000178]
 [ 0.00000351 -0.00000171  0.00000019]
 [-0.0000017  -0.00000157 -0.00000058]
 [-0.00000402  0.00000107 -0.00000011]]
2022-09-29:00:55:40,844 INFO     [psi4.driver.task_planner:266] PLANNING Atomic:  keywords={'GEOM_MAXITER': 100, 'SCF__INTS_TOLERANCE': 1e-12, 'SCF__MAXITER': 500, 'function_kwargs': {}}
2022-09-29:00:55:40,858 INFO     [psi4.driver.driver:617] Compute gradient(): method=scf, basis=cc-pvdz, molecule=default, nre=416.9076618624366
2022-09-29:00:55:58,760 INFO     [psi4.driver.driver:620] Return gradient(): -434.21119655334434
2022-09-29:00:55:58,762 INFO     [psi4.driver.driver:621] [[-0.00003045 -0.00003737 -0.00002195]
 [ 0.00003959 -0.00001981 -0.00000605]
 [ 0.0000024   0.00003264  0.00001618]
 [-0.00002963 -0.00001714 -0.00001323]
 [ 0.00002856 -0.00001779 -0.00000485]
 [ 0.00000708  0.00004081  0.00001935]
 [ 0.00017752 -0.00020673 -0.00007085]
 [ 0.00006386  0.00020584  0.00010056]
 [-0.00025495  0.00003022 -0.00001471]
 [-0.00000545 -0.00000308 -0.00000218]
 [ 0.00000367 -0.00000541 -0.00000178]
 [ 0.00000351 -0.0000017   0.00000019]
 [-0.00000169 -0.00000156 -0.00000057]
 [-0.00000401  0.00000107 -0.00000011]]
2022-09-29:00:56:18,7 INFO     [psi4.driver.task_planner:266] PLANNING Atomic:  keywords={'GEOM_MAXITER': 100, 'SCF__INTS_TOLERANCE': 1e-12, 'SCF__MAXITER': 500, 'function_kwargs': {}}
2022-09-29:00:56:18,12 INFO     [psi4.driver.driver:617] Compute gradient(): method=scf, basis=cc-pvdz, molecule=default, nre=416.9076618624366
2022-09-29:00:56:34,801 INFO     [psi4.driver.driver:620] Return gradient(): -434.21119655273685
2022-09-29:00:56:34,805 INFO     [psi4.driver.driver:621] [[-0.00003045 -0.00003737 -0.00002195]
 [ 0.00003958 -0.00001981 -0.00000604]
 [ 0.0000024   0.00003265  0.00001618]
 [-0.00002963 -0.00001714 -0.00001323]
 [ 0.00002855 -0.00001779 -0.00000485]
 [ 0.00000708  0.00004082  0.00001935]
 [ 0.00017752 -0.00020673 -0.00007085]
 [ 0.00006386  0.00020584  0.00010057]
 [-0.00025496  0.00003022 -0.00001471]
 [-0.00000544 -0.00000307 -0.00000218]
 [ 0.00000369 -0.00000541 -0.00000178]
 [ 0.00000351 -0.00000171  0.00000019]
 [-0.0000017  -0.00000157 -0.00000058]
 [-0.00000402  0.00000107 -0.00000011]]
2022-09-29:00:57:17,808 INFO     [psi4.driver.task_planner:266] PLANNING Atomic:  keywords={'GEOM_MAXITER': 100, 'SCF__INTS_TOLERANCE': 1e-12, 'SCF__MAXITER': 500, 'function_kwargs': {}}
2022-09-29:00:57:17,815 INFO     [psi4.driver.driver:617] Compute gradient(): method=scf, basis=cc-pvdz, molecule=default, nre=416.9076618624366
2022-09-29:00:57:36,175 INFO     [psi4.driver.driver:620] Return gradient(): -434.21119655371115
2022-09-29:00:57:36,180 INFO     [psi4.driver.driver:621] [[-0.00003045 -0.00003736 -0.00002195]
 [ 0.00003959 -0.00001982 -0.00000605]
 [ 0.00000239  0.00003264  0.00001618]
 [-0.00002963 -0.00001714 -0.00001323]
 [ 0.00002856 -0.00001779 -0.00000485]
 [ 0.00000708  0.00004081  0.00001935]
 [ 0.00017752 -0.00020673 -0.00007085]
 [ 0.00006386  0.00020584  0.00010057]
 [-0.00025496  0.00003022 -0.00001471]
 [-0.00000545 -0.00000307 -0.00000218]
 [ 0.00000368 -0.00000541 -0.00000178]
 [ 0.00000351 -0.0000017   0.00000019]
 [-0.00000169 -0.00000157 -0.00000058]
 [-0.00000402  0.00000107 -0.00000011]]
2022-09-29:00:58:20,796 INFO     [psi4.driver.task_planner:266] PLANNING Atomic:  keywords={'GEOM_MAXITER': 100, 'SCF__INTS_TOLERANCE': 1e-12, 'SCF__MAXITER': 500, 'function_kwargs': {}}
2022-09-29:00:58:20,804 INFO     [psi4.driver.driver:617] Compute gradient(): method=scf, basis=cc-pvdz, molecule=default, nre=416.9076618624366
2022-09-29:00:58:38,591 INFO     [psi4.driver.driver:620] Return gradient(): -434.2111965537108
2022-09-29:00:58:38,594 INFO     [psi4.driver.driver:621] [[-0.00003045 -0.00003736 -0.00002195]
 [ 0.00003959 -0.00001982 -0.00000605]
 [ 0.00000239  0.00003264  0.00001618]
 [-0.00002963 -0.00001714 -0.00001323]
 [ 0.00002856 -0.00001779 -0.00000485]
 [ 0.00000708  0.00004081  0.00001935]
 [ 0.00017752 -0.00020673 -0.00007085]
 [ 0.00006386  0.00020584  0.00010057]
 [-0.00025496  0.00003022 -0.00001471]
 [-0.00000545 -0.00000307 -0.00000218]
 [ 0.00000368 -0.00000541 -0.00000178]
 [ 0.00000351 -0.0000017   0.00000019]
 [-0.00000169 -0.00000157 -0.00000058]
 [-0.00000402  0.00000107 -0.00000011]]
