2022-09-29:00:43:41,101 INFO     [psi4.driver.task_planner:266] PLANNING Atomic:  keywords={'SCF__INTS_TOLERANCE': 1e-12, 'function_kwargs': {}}
2022-09-29:00:43:41,112 INFO     [psi4.driver.driver:499] Compute energy(): method=scf, basis=cc-pvdz, molecule=default, nre=416.91814434615196
2022-09-29:00:43:49,788 INFO     [psi4.driver.driver:502] Return energy(): -434.2111965385135
2022-09-29:00:48:30,237 INFO     [psi4.driver.task_planner:266] PLANNING Atomic:  keywords={'GEOM_MAXITER': 100, 'SCF__INTS_TOLERANCE': 1e-12, 'SCF__MAXITER': 500, 'function_kwargs': {}}
2022-09-29:00:48:30,245 INFO     [psi4.driver.driver:617] Compute gradient(): method=scf, basis=cc-pvdz, molecule=default, nre=416.91814434615196
2022-09-29:00:48:48,302 INFO     [psi4.driver.driver:620] Return gradient(): -434.2111965453569
2022-09-29:00:48:48,303 INFO     [psi4.driver.driver:621] [[-0.00008577 -0.00003109  0.00001754]
 [ 0.00009112 -0.00004243 -0.00000575]
 [ 0.00000311  0.00007331  0.00003296]
 [-0.00007755 -0.00001482 -0.00001308]
 [ 0.00006181 -0.00002812 -0.00000926]
 [-0.00001074  0.00002085  0.00001392]
 [ 0.00015159  0.00005741 -0.00013155]
 [ 0.00000268 -0.00002677  0.00005042]
 [-0.00013315 -0.00001122  0.00004415]
 [-0.00000614  0.00001153  0.0000055 ]
 [-0.00001985 -0.00001298 -0.0000089 ]
 [ 0.00000744  0.00000228  0.00000157]
 [ 0.00001181  0.0000055   0.00000308]
 [ 0.00000363 -0.00000344 -0.00000059]]
2022-09-29:00:48:48,764 INFO     [psi4.driver.task_planner:266] PLANNING Atomic:  keywords={'CART_HESS_READ': 0, 'GEOM_MAXITER': 100, 'SCF__GUESS': 'READ', 'SCF__INTS_TOLERANCE': 1e-12, 'SCF__MAXITER': 500, 'function_kwargs': {}}
2022-09-29:00:48:48,774 INFO     [psi4.driver.driver:617] Compute gradient(): method=scf, basis=cc-pvdz, molecule=default, nre=416.9127040009901
2022-09-29:00:49:05,843 INFO     [psi4.driver.driver:620] Return gradient(): -434.211107110872
2022-09-29:00:49:05,845 INFO     [psi4.driver.driver:621] [[ 0.00009828  0.00072992 -0.00154542]
 [ 0.00006038  0.00006614 -0.00018607]
 [-0.00000314 -0.00000031  0.00009146]
 [-0.00002957 -0.00000992 -0.00002672]
 [ 0.00001936 -0.00005373  0.00006832]
 [ 0.00002369  0.00012607 -0.00016118]
 [-0.00049411 -0.00317263  0.00631732]
 [ 0.00026765  0.00121917 -0.00223599]
 [ 0.00006247  0.00110158 -0.0023127 ]
 [-0.0000046   0.00000447 -0.00001485]
 [ 0.00000218 -0.00001185  0.00001095]
 [ 0.00000405  0.00000052 -0.00000449]
 [-0.00000271 -0.00000773  0.0000124 ]
 [-0.00000392  0.00000831 -0.00001302]]
2022-09-29:00:49:06,47 INFO     [psi4.driver.task_planner:266] PLANNING Atomic:  keywords={'CART_HESS_READ': 0, 'GEOM_MAXITER': 100, 'SCF__GUESS': 'READ', 'SCF__INTS_TOLERANCE': 1e-12, 'SCF__MAXITER': 500, 'function_kwargs': {}}
2022-09-29:00:49:06,57 INFO     [psi4.driver.driver:617] Compute gradient(): method=scf, basis=cc-pvdz, molecule=default, nre=416.9076618624366
2022-09-29:00:49:22,103 INFO     [psi4.driver.driver:620] Return gradient(): -434.2111965531019
2022-09-29:00:49:22,105 INFO     [psi4.driver.driver:621] [[-0.00003048 -0.00003732 -0.00002192]
 [ 0.0000396  -0.00001982 -0.00000604]
 [ 0.00000239  0.00003262  0.00001617]
 [-0.00002962 -0.00001714 -0.00001324]
 [ 0.00002859 -0.0000178  -0.00000486]
 [ 0.00000709  0.0000408   0.00001935]
 [ 0.00017768 -0.00020668 -0.00007082]
 [ 0.0000638   0.00020579  0.00010054]
 [-0.00025503  0.00003021 -0.00001472]
 [-0.00000545 -0.00000306 -0.00000218]
 [ 0.00000368 -0.0000054  -0.00000178]
 [ 0.0000035  -0.00000169  0.00000019]
 [-0.0000017  -0.00000158 -0.00000058]
 [-0.00000405  0.00000107 -0.00000011]]
2022-09-29:00:49:52,770 INFO     [psi4.driver.task_planner:266] PLANNING Atomic:  keywords={'GEOM_MAXITER': 100, 'SCF__INTS_TOLERANCE': 1e-12, 'SCF__MAXITER': 500, 'function_kwargs': {}}
2022-09-29:00:49:52,780 INFO     [psi4.driver.driver:617] Compute gradient(): method=scf, basis=cc-pvdz, molecule=default, nre=416.9076618624366
2022-09-29:00:50:11,153 INFO     [psi4.driver.driver:620] Return gradient(): -434.2111965529307
2022-09-29:00:50:11,155 INFO     [psi4.driver.driver:621] [[-0.00003045 -0.00003737 -0.00002195]
 [ 0.00003958 -0.00001981 -0.00000604]
 [ 0.0000024   0.00003264  0.00001618]
 [-0.00002963 -0.00001714 -0.00001323]
 [ 0.00002855 -0.00001779 -0.00000485]
 [ 0.00000707  0.00004082  0.00001935]
 [ 0.00017752 -0.00020674 -0.00007085]
 [ 0.00006386  0.00020584  0.00010057]
 [-0.00025496  0.00003022 -0.00001471]
 [-0.00000544 -0.00000306 -0.00000218]
 [ 0.00000369 -0.00000541 -0.00000178]
 [ 0.00000351 -0.00000171  0.00000019]
 [-0.0000017  -0.00000157 -0.00000058]
 [-0.00000402  0.00000107 -0.00000011]]
2022-09-29:00:55:40,844 INFO     [psi4.driver.task_planner:266] PLANNING Atomic:  keywords={'GEOM_MAXITER': 100, 'SCF__INTS_TOLERANCE': 1e-12, 'SCF__MAXITER': 500, 'function_kwargs': {}}
2022-09-29:00:55:40,858 INFO     [psi4.driver.driver:617] Compute gradient(): method=scf, basis=cc-pvdz, molecule=default, nre=416.9076618624366
2022-09-29:00:55:58,760 INFO     [psi4.driver.driver:620] Return gradient(): -434.21119655334434
2022-09-29:00:55:58,762 INFO     [psi4.driver.driver:621] [[-0.00003045 -0.00003737 -0.00002195]
 [ 0.00003959 -0.00001981 -0.00000605]
 [ 0.0000024   0.00003264  0.00001618]
 [-0.00002963 -0.00001714 -0.00001323]
 [ 0.00002856 -0.00001779 -0.00000485]
 [ 0.00000708  0.00004081  0.00001935]
 [ 0.00017752 -0.00020673 -0.00007085]
 [ 0.00006386  0.00020584  0.00010056]
 [-0.00025495  0.00003022 -0.00001471]
 [-0.00000545 -0.00000308 -0.00000218]
 [ 0.00000367 -0.00000541 -0.00000178]
 [ 0.00000351 -0.0000017   0.00000019]
 [-0.00000169 -0.00000156 -0.00000057]
 [-0.00000401  0.00000107 -0.00000011]]
2022-09-29:00:56:18,7 INFO     [psi4.driver.task_planner:266] PLANNING Atomic:  keywords={'GEOM_MAXITER': 100, 'SCF__INTS_TOLERANCE': 1e-12, 'SCF__MAXITER': 500, 'function_kwargs': {}}
2022-09-29:00:56:18,12 INFO     [psi4.driver.driver:617] Compute gradient(): method=scf, basis=cc-pvdz, molecule=default, nre=416.9076618624366
2022-09-29:00:56:34,801 INFO     [psi4.driver.driver:620] Return gradient(): -434.21119655273685
2022-09-29:00:56:34,805 INFO     [psi4.driver.driver:621] [[-0.00003045 -0.00003737 -0.00002195]
 [ 0.00003958 -0.00001981 -0.00000604]
 [ 0.0000024   0.00003265  0.00001618]
 [-0.00002963 -0.00001714 -0.00001323]
 [ 0.00002855 -0.00001779 -0.00000485]
 [ 0.00000708  0.00004082  0.00001935]
 [ 0.00017752 -0.00020673 -0.00007085]
 [ 0.00006386  0.00020584  0.00010057]
 [-0.00025496  0.00003022 -0.00001471]
 [-0.00000544 -0.00000307 -0.00000218]
 [ 0.00000369 -0.00000541 -0.00000178]
 [ 0.00000351 -0.00000171  0.00000019]
 [-0.0000017  -0.00000157 -0.00000058]
 [-0.00000402  0.00000107 -0.00000011]]
2022-09-29:00:57:17,808 INFO     [psi4.driver.task_planner:266] PLANNING Atomic:  keywords={'GEOM_MAXITER': 100, 'SCF__INTS_TOLERANCE': 1e-12, 'SCF__MAXITER': 500, 'function_kwargs': {}}
2022-09-29:00:57:17,815 INFO     [psi4.driver.driver:617] Compute gradient(): method=scf, basis=cc-pvdz, molecule=default, nre=416.9076618624366
2022-09-29:00:57:36,175 INFO     [psi4.driver.driver:620] Return gradient(): -434.21119655371115
2022-09-29:00:57:36,180 INFO     [psi4.driver.driver:621] [[-0.00003045 -0.00003736 -0.00002195]
 [ 0.00003959 -0.00001982 -0.00000605]
 [ 0.00000239  0.00003264  0.00001618]
 [-0.00002963 -0.00001714 -0.00001323]
 [ 0.00002856 -0.00001779 -0.00000485]
 [ 0.00000708  0.00004081  0.00001935]
 [ 0.00017752 -0.00020673 -0.00007085]
 [ 0.00006386  0.00020584  0.00010057]
 [-0.00025496  0.00003022 -0.00001471]
 [-0.00000545 -0.00000307 -0.00000218]
 [ 0.00000368 -0.00000541 -0.00000178]
 [ 0.00000351 -0.0000017   0.00000019]
 [-0.00000169 -0.00000157 -0.00000058]
 [-0.00000402  0.00000107 -0.00000011]]
2022-09-29:00:58:20,796 INFO     [psi4.driver.task_planner:266] PLANNING Atomic:  keywords={'GEOM_MAXITER': 100, 'SCF__INTS_TOLERANCE': 1e-12, 'SCF__MAXITER': 500, 'function_kwargs': {}}
2022-09-29:00:58:20,804 INFO     [psi4.driver.driver:617] Compute gradient(): method=scf, basis=cc-pvdz, molecule=default, nre=416.9076618624366
2022-09-29:00:58:38,591 INFO     [psi4.driver.driver:620] Return gradient(): -434.2111965537108
2022-09-29:00:58:38,594 INFO     [psi4.driver.driver:621] [[-0.00003045 -0.00003736 -0.00002195]
 [ 0.00003959 -0.00001982 -0.00000605]
 [ 0.00000239  0.00003264  0.00001618]
 [-0.00002963 -0.00001714 -0.00001323]
 [ 0.00002856 -0.00001779 -0.00000485]
 [ 0.00000708  0.00004081  0.00001935]
 [ 0.00017752 -0.00020673 -0.00007085]
 [ 0.00006386  0.00020584  0.00010057]
 [-0.00025496  0.00003022 -0.00001471]
 [-0.00000545 -0.00000307 -0.00000218]
 [ 0.00000368 -0.00000541 -0.00000178]
 [ 0.00000351 -0.0000017   0.00000019]
 [-0.00000169 -0.00000157 -0.00000058]
 [-0.00000402  0.00000107 -0.00000011]]
